debug: Fri, 20 Jan 2023 10:37:17 GMT
debug: Project: /Users/abhishekrawat/tiledMap2
debug: Targets: editor,preview
debug: Incremental file seems great.
debug: Engine path: /Applications/CocosCreator/Creator/3.6.1/CocosCreator.app/Contents/Resources/resources/3d/engine
debug: Initializing target [Editor]
debug: Loading cache
debug: Loading cache costs 0.9660000018775463ms.
debug: Engine features shipped in editor: base,gfx-webgl,gfx-webgl2,3d,animation,skeletal-animation,2d,ui,particle,particle-2d,physics-framework,physics-2d-framework,intersection-2d,primitive,profiler,occlusion-query,geometry-renderer,debug-renderer,audio,video,xr,terrain,webview,tween,tiled-map,spine,dragon-bones,marionette,custom-pipeline
debug: Our import map(foo:/bar): {
  "imports": {
    "cc": "cce:/internal/x/cc"
  }
}
debug: Initializing target [Preview]
debug: Loading cache
debug: Loading cache costs 0.5873750001192093ms.
debug: Our import map(foo:/bar): {
  "imports": {
    "cc": "cce:/internal/x/cc"
  }
}
debug: Sync engine features: 2d,animation,audio,base,dragon-bones,gfx-webgl,gfx-webgl2,intersection-2d,marionette,particle-2d,physics-2d-box2d,profiler,skeletal-animation,spine,tiled-map,tween,ui,video,webview,xr
debug: Reset databases. Enumerated domains: [
  {
    "root": "db://internal/",
    "physical": "/Applications/CocosCreator/Creator/3.6.1/CocosCreator.app/Contents/Resources/resources/3d/engine/editor/assets"
  },
  {
    "root": "db://assets/",
    "physical": "/Users/abhishekrawat/tiledMap2/assets"
  }
]
debug: Our import map(foo:/bar): {
  "imports": {
    "cc": "cce:/internal/x/cc",
    "db://internal/": "file:///Applications/CocosCreator/Creator/3.6.1/CocosCreator.app/Contents/Resources/resources/3d/engine/editor/assets/",
    "db://assets/": "file:///Users/abhishekrawat/tiledMap2/assets/"
  }
}
debug: Our import map(foo:/bar): {
  "imports": {
    "cc": "cce:/internal/x/cc",
    "db://internal/": "file:///Applications/CocosCreator/Creator/3.6.1/CocosCreator.app/Contents/Resources/resources/3d/engine/editor/assets/",
    "db://assets/": "file:///Users/abhishekrawat/tiledMap2/assets/"
  }
}
debug: Pulling asset-db.
debug: Fetch asset-db cost: 2.06258300319314ms.
debug: Build iteration starts.
Number of accumulated asset changes: 0
Feature changed: false
debug: Target(editor) build started.
debug: Detected change: cce:/internal/x/cc. Last mtime: Thu Jan 01 1970 05:30:06 GMT+0530 (India Standard Time), Current mtime: Thu Jan 01 1970 05:30:04 GMT+0530 (India Standard Time)
debug: Inspect cce:/internal/x/cc
debug: Resolve cce:/internal/x/cc-fu/base from cce:/internal/x/cc as external dependency cce:/internal/x/cc-fu/base.
debug: Resolve cce:/internal/x/cc-fu/gfx-webgl from cce:/internal/x/cc as external dependency cce:/internal/x/cc-fu/gfx-webgl.
debug: Resolve cce:/internal/x/cc-fu/gfx-webgl2 from cce:/internal/x/cc as external dependency cce:/internal/x/cc-fu/gfx-webgl2.
debug: Resolve cce:/internal/x/cc-fu/3d from cce:/internal/x/cc as external dependency cce:/internal/x/cc-fu/3d.
debug: Resolve cce:/internal/x/cc-fu/animation from cce:/internal/x/cc as external dependency cce:/internal/x/cc-fu/animation.
debug: Resolve cce:/internal/x/cc-fu/skeletal-animation from cce:/internal/x/cc as external dependency cce:/internal/x/cc-fu/skeletal-animation.
debug: Resolve cce:/internal/x/cc-fu/2d from cce:/internal/x/cc as external dependency cce:/internal/x/cc-fu/2d.
debug: Resolve cce:/internal/x/cc-fu/ui from cce:/internal/x/cc as external dependency cce:/internal/x/cc-fu/ui.
debug: Resolve cce:/internal/x/cc-fu/particle from cce:/internal/x/cc as external dependency cce:/internal/x/cc-fu/particle.
debug: Resolve cce:/internal/x/cc-fu/particle-2d from cce:/internal/x/cc as external dependency cce:/internal/x/cc-fu/particle-2d.
debug: Resolve cce:/internal/x/cc-fu/physics-framework from cce:/internal/x/cc as external dependency cce:/internal/x/cc-fu/physics-framework.
debug: Resolve cce:/internal/x/cc-fu/physics-2d-framework from cce:/internal/x/cc as external dependency cce:/internal/x/cc-fu/physics-2d-framework.
debug: Resolve cce:/internal/x/cc-fu/intersection-2d from cce:/internal/x/cc as external dependency cce:/internal/x/cc-fu/intersection-2d.
debug: Resolve cce:/internal/x/cc-fu/primitive from cce:/internal/x/cc as external dependency cce:/internal/x/cc-fu/primitive.
debug: Resolve cce:/internal/x/cc-fu/profiler from cce:/internal/x/cc as external dependency cce:/internal/x/cc-fu/profiler.
debug: Resolve cce:/internal/x/cc-fu/geometry-renderer from cce:/internal/x/cc as external dependency cce:/internal/x/cc-fu/geometry-renderer.
debug: Resolve cce:/internal/x/cc-fu/audio from cce:/internal/x/cc as external dependency cce:/internal/x/cc-fu/audio.
debug: Resolve cce:/internal/x/cc-fu/video from cce:/internal/x/cc as external dependency cce:/internal/x/cc-fu/video.
debug: Resolve cce:/internal/x/cc-fu/xr from cce:/internal/x/cc as external dependency cce:/internal/x/cc-fu/xr.
debug: Resolve cce:/internal/x/cc-fu/terrain from cce:/internal/x/cc as external dependency cce:/internal/x/cc-fu/terrain.
debug: Resolve cce:/internal/x/cc-fu/webview from cce:/internal/x/cc as external dependency cce:/internal/x/cc-fu/webview.
debug: Resolve cce:/internal/x/cc-fu/tween from cce:/internal/x/cc as external dependency cce:/internal/x/cc-fu/tween.
debug: Resolve cce:/internal/x/cc-fu/tiled-map from cce:/internal/x/cc as external dependency cce:/internal/x/cc-fu/tiled-map.
debug: Resolve cce:/internal/x/cc-fu/spine from cce:/internal/x/cc as external dependency cce:/internal/x/cc-fu/spine.
debug: Resolve cce:/internal/x/cc-fu/dragon-bones from cce:/internal/x/cc as external dependency cce:/internal/x/cc-fu/dragon-bones.
debug: Resolve cce:/internal/x/cc-fu/custom-pipeline from cce:/internal/x/cc as external dependency cce:/internal/x/cc-fu/custom-pipeline.
debug: Detected change: cce:/internal/x/prerequisite-imports. Last mtime: Thu Jan 01 1970 05:30:06 GMT+0530 (India Standard Time), Current mtime: Thu Jan 01 1970 05:30:04 GMT+0530 (India Standard Time)
debug: Inspect cce:/internal/x/prerequisite-imports
debug: Target(editor) ends with cost 50.85095800086856ms.
debug: Target(preview) build started.
debug: Detected change: cce:/internal/x/cc. Last mtime: Thu Jan 01 1970 05:30:06 GMT+0530 (India Standard Time), Current mtime: Thu Jan 01 1970 05:30:04 GMT+0530 (India Standard Time)
debug: Inspect cce:/internal/x/cc
debug: Resolve cce:/internal/x/cc-fu/2d from cce:/internal/x/cc as external dependency cce:/internal/x/cc-fu/2d.
debug: Resolve cce:/internal/x/cc-fu/animation from cce:/internal/x/cc as external dependency cce:/internal/x/cc-fu/animation.
debug: Resolve cce:/internal/x/cc-fu/audio from cce:/internal/x/cc as external dependency cce:/internal/x/cc-fu/audio.
debug: Resolve cce:/internal/x/cc-fu/base from cce:/internal/x/cc as external dependency cce:/internal/x/cc-fu/base.
debug: Resolve cce:/internal/x/cc-fu/dragon-bones from cce:/internal/x/cc as external dependency cce:/internal/x/cc-fu/dragon-bones.
debug: Resolve cce:/internal/x/cc-fu/gfx-webgl from cce:/internal/x/cc as external dependency cce:/internal/x/cc-fu/gfx-webgl.
debug: Resolve cce:/internal/x/cc-fu/gfx-webgl2 from cce:/internal/x/cc as external dependency cce:/internal/x/cc-fu/gfx-webgl2.
debug: Resolve cce:/internal/x/cc-fu/intersection-2d from cce:/internal/x/cc as external dependency cce:/internal/x/cc-fu/intersection-2d.
debug: Resolve cce:/internal/x/cc-fu/particle-2d from cce:/internal/x/cc as external dependency cce:/internal/x/cc-fu/particle-2d.
debug: Resolve cce:/internal/x/cc-fu/physics-2d-box2d from cce:/internal/x/cc as external dependency cce:/internal/x/cc-fu/physics-2d-box2d.
debug: Resolve cce:/internal/x/cc-fu/physics-2d-framework from cce:/internal/x/cc as external dependency cce:/internal/x/cc-fu/physics-2d-framework.
debug: Resolve cce:/internal/x/cc-fu/profiler from cce:/internal/x/cc as external dependency cce:/internal/x/cc-fu/profiler.
debug: Resolve cce:/internal/x/cc-fu/skeletal-animation from cce:/internal/x/cc as external dependency cce:/internal/x/cc-fu/skeletal-animation.
debug: Resolve cce:/internal/x/cc-fu/spine from cce:/internal/x/cc as external dependency cce:/internal/x/cc-fu/spine.
debug: Resolve cce:/internal/x/cc-fu/tiled-map from cce:/internal/x/cc as external dependency cce:/internal/x/cc-fu/tiled-map.
debug: Resolve cce:/internal/x/cc-fu/tween from cce:/internal/x/cc as external dependency cce:/internal/x/cc-fu/tween.
debug: Resolve cce:/internal/x/cc-fu/ui from cce:/internal/x/cc as external dependency cce:/internal/x/cc-fu/ui.
debug: Resolve cce:/internal/x/cc-fu/video from cce:/internal/x/cc as external dependency cce:/internal/x/cc-fu/video.
debug: Resolve cce:/internal/x/cc-fu/webview from cce:/internal/x/cc as external dependency cce:/internal/x/cc-fu/webview.
debug: Resolve cce:/internal/x/cc-fu/xr from cce:/internal/x/cc as external dependency cce:/internal/x/cc-fu/xr.
debug: Detected change: cce:/internal/x/prerequisite-imports. Last mtime: Thu Jan 01 1970 05:30:06 GMT+0530 (India Standard Time), Current mtime: Thu Jan 01 1970 05:30:04 GMT+0530 (India Standard Time)
debug: Inspect cce:/internal/x/prerequisite-imports
debug: Target(preview) ends with cost 39.1480830013752ms.
debug: Pulling asset-db.
debug: Fetch asset-db cost: 6.13391700014472ms.
debug: Build iteration starts.
Number of accumulated asset changes: 0
Feature changed: false
debug: Target(editor) build started.
debug: Target(editor) ends with cost 3.902957998216152ms.
debug: Target(preview) build started.
debug: Target(preview) ends with cost 3.0667920000851154ms.
debug: Dispatch build request for time accumulated 1 asset changes.
debug: Build iteration starts.
Number of accumulated asset changes: 1
Feature changed: false
debug: Target(editor) build started.
debug: Detected change: cce:/internal/x/prerequisite-imports. Last mtime: Thu Jan 01 1970 05:30:04 GMT+0530 (India Standard Time), Current mtime: Thu Jan 01 1970 05:55:56 GMT+0530 (India Standard Time)
debug: Inspect cce:/internal/x/prerequisite-imports
debug: Resolve file:///Users/abhishekrawat/tiledMap2/assets/Script/PlayerMovement.ts from cce:/internal/x/prerequisite-imports as file:///Users/abhishekrawat/tiledMap2/assets/Script/PlayerMovement.ts.
debug: Inspect file:///Users/abhishekrawat/tiledMap2/assets/Script/PlayerMovement.ts
debug: Resolve cc from file:///Users/abhishekrawat/tiledMap2/assets/Script/PlayerMovement.ts as cce:/internal/x/cc.
debug: Resolve cc from file:///Users/abhishekrawat/tiledMap2/assets/Script/PlayerMovement.ts as cce:/internal/x/cc.
debug: Resolve cc from file:///Users/abhishekrawat/tiledMap2/assets/Script/PlayerMovement.ts as cce:/internal/x/cc.
debug: Target(editor) ends with cost 43.917582999914885ms.
debug: Target(preview) build started.
debug: Detected change: cce:/internal/x/prerequisite-imports. Last mtime: Thu Jan 01 1970 05:30:04 GMT+0530 (India Standard Time), Current mtime: Thu Jan 01 1970 05:55:56 GMT+0530 (India Standard Time)
debug: Inspect cce:/internal/x/prerequisite-imports
debug: Resolve file:///Users/abhishekrawat/tiledMap2/assets/Script/PlayerMovement.ts from cce:/internal/x/prerequisite-imports as file:///Users/abhishekrawat/tiledMap2/assets/Script/PlayerMovement.ts.
debug: Inspect file:///Users/abhishekrawat/tiledMap2/assets/Script/PlayerMovement.ts
debug: Resolve cc from file:///Users/abhishekrawat/tiledMap2/assets/Script/PlayerMovement.ts as cce:/internal/x/cc.
debug: Resolve cc from file:///Users/abhishekrawat/tiledMap2/assets/Script/PlayerMovement.ts as cce:/internal/x/cc.
debug: Resolve cc from file:///Users/abhishekrawat/tiledMap2/assets/Script/PlayerMovement.ts as cce:/internal/x/cc.
debug: Target(preview) ends with cost 37.59145800024271ms.
debug: Dispatch build request for time accumulated 1 asset changes.
debug: Build iteration starts.
Number of accumulated asset changes: 1
Feature changed: false
debug: Target(editor) build started.
debug: Detected change: cce:/internal/x/prerequisite-imports. Last mtime: Thu Jan 01 1970 05:55:56 GMT+0530 (India Standard Time), Current mtime: Thu Jan 01 1970 06:03:13 GMT+0530 (India Standard Time)
debug: Inspect cce:/internal/x/prerequisite-imports
debug: Resolve file:///Users/abhishekrawat/tiledMap2/assets/Script/PlayerMovement.ts from cce:/internal/x/prerequisite-imports as file:///Users/abhishekrawat/tiledMap2/assets/Script/PlayerMovement.ts.
debug: Detected change: file:///Users/abhishekrawat/tiledMap2/assets/Script/PlayerMovement.ts. Last mtime: Fri Jan 20 2023 16:33:09 GMT+0530 (India Standard Time)@64b1b31a-2550-48d9-8d36-232312fb2b35, Current mtime: Fri Jan 20 2023 16:40:24 GMT+0530 (India Standard Time)@64b1b31a-2550-48d9-8d36-232312fb2b35
debug: Inspect file:///Users/abhishekrawat/tiledMap2/assets/Script/PlayerMovement.ts
debug: We encountered an load error: SyntaxError: /file:/Users/abhishekrawat/tiledMap2/assets/Script/PlayerMovement.ts: Missing semicolon. (21:10)

  19 |     update(deltaTime: number) {}
  20 | }
> 21 | touchEnd() {
     |           ^
  22 |     this.stopPlayer = false;
  23 |     console.log("end");
  24 |     this.joyStickBall.setPosition(0, 0, 0);
debug: Target(editor) ends with cost 36.576208002865314ms.
debug: Target(preview) build started.
debug: Detected change: cce:/internal/x/prerequisite-imports. Last mtime: Thu Jan 01 1970 05:55:56 GMT+0530 (India Standard Time), Current mtime: Thu Jan 01 1970 06:03:13 GMT+0530 (India Standard Time)
debug: Inspect cce:/internal/x/prerequisite-imports
debug: Resolve file:///Users/abhishekrawat/tiledMap2/assets/Script/PlayerMovement.ts from cce:/internal/x/prerequisite-imports as file:///Users/abhishekrawat/tiledMap2/assets/Script/PlayerMovement.ts.
debug: Detected change: file:///Users/abhishekrawat/tiledMap2/assets/Script/PlayerMovement.ts. Last mtime: Fri Jan 20 2023 16:33:09 GMT+0530 (India Standard Time)@64b1b31a-2550-48d9-8d36-232312fb2b35, Current mtime: Fri Jan 20 2023 16:40:24 GMT+0530 (India Standard Time)@64b1b31a-2550-48d9-8d36-232312fb2b35
debug: Inspect file:///Users/abhishekrawat/tiledMap2/assets/Script/PlayerMovement.ts
debug: We encountered an load error: SyntaxError: /file:/Users/abhishekrawat/tiledMap2/assets/Script/PlayerMovement.ts: Missing semicolon. (21:10)

  19 |     update(deltaTime: number) {}
  20 | }
> 21 | touchEnd() {
     |           ^
  22 |     this.stopPlayer = false;
  23 |     console.log("end");
  24 |     this.joyStickBall.setPosition(0, 0, 0);
debug: Target(preview) ends with cost 24.416999999433756ms.
debug: Dispatch build request for time accumulated 1 asset changes.
debug: Build iteration starts.
Number of accumulated asset changes: 1
Feature changed: false
debug: Target(editor) build started.
debug: Detected change: cce:/internal/x/prerequisite-imports. Last mtime: Thu Jan 01 1970 06:03:13 GMT+0530 (India Standard Time), Current mtime: Thu Jan 01 1970 06:06:08 GMT+0530 (India Standard Time)
debug: Inspect cce:/internal/x/prerequisite-imports
debug: Resolve file:///Users/abhishekrawat/tiledMap2/assets/Script/PlayerMovement.ts from cce:/internal/x/prerequisite-imports as file:///Users/abhishekrawat/tiledMap2/assets/Script/PlayerMovement.ts.
debug: Detected change: file:///Users/abhishekrawat/tiledMap2/assets/Script/PlayerMovement.ts. Last mtime: Fri Jan 20 2023 16:40:24 GMT+0530 (India Standard Time)@64b1b31a-2550-48d9-8d36-232312fb2b35, Current mtime: Fri Jan 20 2023 16:43:11 GMT+0530 (India Standard Time)@64b1b31a-2550-48d9-8d36-232312fb2b35
debug: Inspect file:///Users/abhishekrawat/tiledMap2/assets/Script/PlayerMovement.ts
debug: Resolve cc from file:///Users/abhishekrawat/tiledMap2/assets/Script/PlayerMovement.ts as cce:/internal/x/cc.
debug: Resolve cc from file:///Users/abhishekrawat/tiledMap2/assets/Script/PlayerMovement.ts as cce:/internal/x/cc.
debug: Resolve cc from file:///Users/abhishekrawat/tiledMap2/assets/Script/PlayerMovement.ts as cce:/internal/x/cc.
debug: Target(editor) ends with cost 69.06220800057054ms.
debug: Target(preview) build started.
debug: Detected change: cce:/internal/x/prerequisite-imports. Last mtime: Thu Jan 01 1970 06:03:13 GMT+0530 (India Standard Time), Current mtime: Thu Jan 01 1970 06:06:08 GMT+0530 (India Standard Time)
debug: Inspect cce:/internal/x/prerequisite-imports
debug: Resolve file:///Users/abhishekrawat/tiledMap2/assets/Script/PlayerMovement.ts from cce:/internal/x/prerequisite-imports as file:///Users/abhishekrawat/tiledMap2/assets/Script/PlayerMovement.ts.
debug: Detected change: file:///Users/abhishekrawat/tiledMap2/assets/Script/PlayerMovement.ts. Last mtime: Fri Jan 20 2023 16:40:24 GMT+0530 (India Standard Time)@64b1b31a-2550-48d9-8d36-232312fb2b35, Current mtime: Fri Jan 20 2023 16:43:11 GMT+0530 (India Standard Time)@64b1b31a-2550-48d9-8d36-232312fb2b35
debug: Inspect file:///Users/abhishekrawat/tiledMap2/assets/Script/PlayerMovement.ts
debug: Resolve cc from file:///Users/abhishekrawat/tiledMap2/assets/Script/PlayerMovement.ts as cce:/internal/x/cc.
debug: Resolve cc from file:///Users/abhishekrawat/tiledMap2/assets/Script/PlayerMovement.ts as cce:/internal/x/cc.
debug: Resolve cc from file:///Users/abhishekrawat/tiledMap2/assets/Script/PlayerMovement.ts as cce:/internal/x/cc.
debug: Target(preview) ends with cost 47.011750001460314ms.
debug: Dispatch build request for time accumulated 1 asset changes.
debug: Build iteration starts.
Number of accumulated asset changes: 1
Feature changed: false
debug: Target(editor) build started.
debug: Detected change: cce:/internal/x/prerequisite-imports. Last mtime: Thu Jan 01 1970 06:06:08 GMT+0530 (India Standard Time), Current mtime: Thu Jan 01 1970 06:09:04 GMT+0530 (India Standard Time)
debug: Inspect cce:/internal/x/prerequisite-imports
debug: Resolve file:///Users/abhishekrawat/tiledMap2/assets/Script/PlayerMovement.ts from cce:/internal/x/prerequisite-imports as file:///Users/abhishekrawat/tiledMap2/assets/Script/PlayerMovement.ts.
debug: Detected change: file:///Users/abhishekrawat/tiledMap2/assets/Script/PlayerMovement.ts. Last mtime: Fri Jan 20 2023 16:43:11 GMT+0530 (India Standard Time)@64b1b31a-2550-48d9-8d36-232312fb2b35, Current mtime: Fri Jan 20 2023 16:46:09 GMT+0530 (India Standard Time)@64b1b31a-2550-48d9-8d36-232312fb2b35
debug: Inspect file:///Users/abhishekrawat/tiledMap2/assets/Script/PlayerMovement.ts
debug: Resolve cc from file:///Users/abhishekrawat/tiledMap2/assets/Script/PlayerMovement.ts as cce:/internal/x/cc.
debug: Resolve cc from file:///Users/abhishekrawat/tiledMap2/assets/Script/PlayerMovement.ts as cce:/internal/x/cc.
debug: Resolve cc from file:///Users/abhishekrawat/tiledMap2/assets/Script/PlayerMovement.ts as cce:/internal/x/cc.
debug: Target(editor) ends with cost 38.19274999946356ms.
debug: Target(preview) build started.
debug: Detected change: cce:/internal/x/prerequisite-imports. Last mtime: Thu Jan 01 1970 06:06:08 GMT+0530 (India Standard Time), Current mtime: Thu Jan 01 1970 06:09:04 GMT+0530 (India Standard Time)
debug: Inspect cce:/internal/x/prerequisite-imports
debug: Resolve file:///Users/abhishekrawat/tiledMap2/assets/Script/PlayerMovement.ts from cce:/internal/x/prerequisite-imports as file:///Users/abhishekrawat/tiledMap2/assets/Script/PlayerMovement.ts.
debug: Detected change: file:///Users/abhishekrawat/tiledMap2/assets/Script/PlayerMovement.ts. Last mtime: Fri Jan 20 2023 16:43:11 GMT+0530 (India Standard Time)@64b1b31a-2550-48d9-8d36-232312fb2b35, Current mtime: Fri Jan 20 2023 16:46:09 GMT+0530 (India Standard Time)@64b1b31a-2550-48d9-8d36-232312fb2b35
debug: Inspect file:///Users/abhishekrawat/tiledMap2/assets/Script/PlayerMovement.ts
debug: Resolve cc from file:///Users/abhishekrawat/tiledMap2/assets/Script/PlayerMovement.ts as cce:/internal/x/cc.
debug: Resolve cc from file:///Users/abhishekrawat/tiledMap2/assets/Script/PlayerMovement.ts as cce:/internal/x/cc.
debug: Resolve cc from file:///Users/abhishekrawat/tiledMap2/assets/Script/PlayerMovement.ts as cce:/internal/x/cc.
debug: Target(preview) ends with cost 42.33812499791384ms.
debug: Dispatch build request for time accumulated 1 asset changes.
debug: Build iteration starts.
Number of accumulated asset changes: 1
Feature changed: false
debug: Target(editor) build started.
debug: Detected change: cce:/internal/x/prerequisite-imports. Last mtime: Thu Jan 01 1970 06:09:04 GMT+0530 (India Standard Time), Current mtime: Thu Jan 01 1970 06:10:23 GMT+0530 (India Standard Time)
debug: Inspect cce:/internal/x/prerequisite-imports
debug: Resolve file:///Users/abhishekrawat/tiledMap2/assets/Script/PlayerMovement.ts from cce:/internal/x/prerequisite-imports as file:///Users/abhishekrawat/tiledMap2/assets/Script/PlayerMovement.ts.
debug: Detected change: file:///Users/abhishekrawat/tiledMap2/assets/Script/PlayerMovement.ts. Last mtime: Fri Jan 20 2023 16:46:09 GMT+0530 (India Standard Time)@64b1b31a-2550-48d9-8d36-232312fb2b35, Current mtime: Fri Jan 20 2023 16:47:32 GMT+0530 (India Standard Time)@64b1b31a-2550-48d9-8d36-232312fb2b35
debug: Inspect file:///Users/abhishekrawat/tiledMap2/assets/Script/PlayerMovement.ts
debug: Resolve cc from file:///Users/abhishekrawat/tiledMap2/assets/Script/PlayerMovement.ts as cce:/internal/x/cc.
debug: Resolve cc from file:///Users/abhishekrawat/tiledMap2/assets/Script/PlayerMovement.ts as cce:/internal/x/cc.
debug: Resolve cc from file:///Users/abhishekrawat/tiledMap2/assets/Script/PlayerMovement.ts as cce:/internal/x/cc.
debug: Target(editor) ends with cost 44.515500001609325ms.
debug: Target(preview) build started.
debug: Detected change: cce:/internal/x/prerequisite-imports. Last mtime: Thu Jan 01 1970 06:09:04 GMT+0530 (India Standard Time), Current mtime: Thu Jan 01 1970 06:10:23 GMT+0530 (India Standard Time)
debug: Inspect cce:/internal/x/prerequisite-imports
debug: Resolve file:///Users/abhishekrawat/tiledMap2/assets/Script/PlayerMovement.ts from cce:/internal/x/prerequisite-imports as file:///Users/abhishekrawat/tiledMap2/assets/Script/PlayerMovement.ts.
debug: Detected change: file:///Users/abhishekrawat/tiledMap2/assets/Script/PlayerMovement.ts. Last mtime: Fri Jan 20 2023 16:46:09 GMT+0530 (India Standard Time)@64b1b31a-2550-48d9-8d36-232312fb2b35, Current mtime: Fri Jan 20 2023 16:47:32 GMT+0530 (India Standard Time)@64b1b31a-2550-48d9-8d36-232312fb2b35
debug: Inspect file:///Users/abhishekrawat/tiledMap2/assets/Script/PlayerMovement.ts
debug: Resolve cc from file:///Users/abhishekrawat/tiledMap2/assets/Script/PlayerMovement.ts as cce:/internal/x/cc.
debug: Resolve cc from file:///Users/abhishekrawat/tiledMap2/assets/Script/PlayerMovement.ts as cce:/internal/x/cc.
debug: Resolve cc from file:///Users/abhishekrawat/tiledMap2/assets/Script/PlayerMovement.ts as cce:/internal/x/cc.
debug: Target(preview) ends with cost 36.838874999433756ms.
debug: Dispatch build request for time accumulated 1 asset changes.
debug: Build iteration starts.
Number of accumulated asset changes: 1
Feature changed: false
debug: Target(editor) build started.
debug: Detected change: cce:/internal/x/prerequisite-imports. Last mtime: Thu Jan 01 1970 06:10:23 GMT+0530 (India Standard Time), Current mtime: Thu Jan 01 1970 06:12:56 GMT+0530 (India Standard Time)
debug: Inspect cce:/internal/x/prerequisite-imports
debug: Resolve file:///Users/abhishekrawat/tiledMap2/assets/Script/PlayerMovement.ts from cce:/internal/x/prerequisite-imports as file:///Users/abhishekrawat/tiledMap2/assets/Script/PlayerMovement.ts.
debug: Detected change: file:///Users/abhishekrawat/tiledMap2/assets/Script/PlayerMovement.ts. Last mtime: Fri Jan 20 2023 16:47:32 GMT+0530 (India Standard Time)@64b1b31a-2550-48d9-8d36-232312fb2b35, Current mtime: Fri Jan 20 2023 16:50:07 GMT+0530 (India Standard Time)@64b1b31a-2550-48d9-8d36-232312fb2b35
debug: Inspect file:///Users/abhishekrawat/tiledMap2/assets/Script/PlayerMovement.ts
debug: Resolve cc from file:///Users/abhishekrawat/tiledMap2/assets/Script/PlayerMovement.ts as cce:/internal/x/cc.
debug: Resolve cc from file:///Users/abhishekrawat/tiledMap2/assets/Script/PlayerMovement.ts as cce:/internal/x/cc.
debug: Resolve cc from file:///Users/abhishekrawat/tiledMap2/assets/Script/PlayerMovement.ts as cce:/internal/x/cc.
debug: Target(editor) ends with cost 41.496790997684ms.
debug: Target(preview) build started.
debug: Detected change: cce:/internal/x/prerequisite-imports. Last mtime: Thu Jan 01 1970 06:10:23 GMT+0530 (India Standard Time), Current mtime: Thu Jan 01 1970 06:12:56 GMT+0530 (India Standard Time)
debug: Inspect cce:/internal/x/prerequisite-imports
debug: Resolve file:///Users/abhishekrawat/tiledMap2/assets/Script/PlayerMovement.ts from cce:/internal/x/prerequisite-imports as file:///Users/abhishekrawat/tiledMap2/assets/Script/PlayerMovement.ts.
debug: Detected change: file:///Users/abhishekrawat/tiledMap2/assets/Script/PlayerMovement.ts. Last mtime: Fri Jan 20 2023 16:47:32 GMT+0530 (India Standard Time)@64b1b31a-2550-48d9-8d36-232312fb2b35, Current mtime: Fri Jan 20 2023 16:50:07 GMT+0530 (India Standard Time)@64b1b31a-2550-48d9-8d36-232312fb2b35
debug: Inspect file:///Users/abhishekrawat/tiledMap2/assets/Script/PlayerMovement.ts
debug: Resolve cc from file:///Users/abhishekrawat/tiledMap2/assets/Script/PlayerMovement.ts as cce:/internal/x/cc.
debug: Resolve cc from file:///Users/abhishekrawat/tiledMap2/assets/Script/PlayerMovement.ts as cce:/internal/x/cc.
debug: Resolve cc from file:///Users/abhishekrawat/tiledMap2/assets/Script/PlayerMovement.ts as cce:/internal/x/cc.
debug: Target(preview) ends with cost 44.83041699975729ms.
debug: Dispatch build request for time accumulated 1 asset changes.
debug: Build iteration starts.
Number of accumulated asset changes: 1
Feature changed: false
debug: Target(editor) build started.
debug: Detected change: cce:/internal/x/prerequisite-imports. Last mtime: Thu Jan 01 1970 06:12:56 GMT+0530 (India Standard Time), Current mtime: Thu Jan 01 1970 06:13:48 GMT+0530 (India Standard Time)
debug: Inspect cce:/internal/x/prerequisite-imports
debug: Resolve file:///Users/abhishekrawat/tiledMap2/assets/Script/PlayerMovement.ts from cce:/internal/x/prerequisite-imports as file:///Users/abhishekrawat/tiledMap2/assets/Script/PlayerMovement.ts.
debug: Detected change: file:///Users/abhishekrawat/tiledMap2/assets/Script/PlayerMovement.ts. Last mtime: Fri Jan 20 2023 16:50:07 GMT+0530 (India Standard Time)@64b1b31a-2550-48d9-8d36-232312fb2b35, Current mtime: Fri Jan 20 2023 16:51:00 GMT+0530 (India Standard Time)@64b1b31a-2550-48d9-8d36-232312fb2b35
debug: Inspect file:///Users/abhishekrawat/tiledMap2/assets/Script/PlayerMovement.ts
debug: Resolve cc from file:///Users/abhishekrawat/tiledMap2/assets/Script/PlayerMovement.ts as cce:/internal/x/cc.
debug: Resolve cc from file:///Users/abhishekrawat/tiledMap2/assets/Script/PlayerMovement.ts as cce:/internal/x/cc.
debug: Resolve cc from file:///Users/abhishekrawat/tiledMap2/assets/Script/PlayerMovement.ts as cce:/internal/x/cc.
debug: Target(editor) ends with cost 41.06104199960828ms.
debug: Target(preview) build started.
debug: Detected change: cce:/internal/x/prerequisite-imports. Last mtime: Thu Jan 01 1970 06:12:56 GMT+0530 (India Standard Time), Current mtime: Thu Jan 01 1970 06:13:48 GMT+0530 (India Standard Time)
debug: Inspect cce:/internal/x/prerequisite-imports
debug: Resolve file:///Users/abhishekrawat/tiledMap2/assets/Script/PlayerMovement.ts from cce:/internal/x/prerequisite-imports as file:///Users/abhishekrawat/tiledMap2/assets/Script/PlayerMovement.ts.
debug: Detected change: file:///Users/abhishekrawat/tiledMap2/assets/Script/PlayerMovement.ts. Last mtime: Fri Jan 20 2023 16:50:07 GMT+0530 (India Standard Time)@64b1b31a-2550-48d9-8d36-232312fb2b35, Current mtime: Fri Jan 20 2023 16:51:00 GMT+0530 (India Standard Time)@64b1b31a-2550-48d9-8d36-232312fb2b35
debug: Inspect file:///Users/abhishekrawat/tiledMap2/assets/Script/PlayerMovement.ts
debug: Resolve cc from file:///Users/abhishekrawat/tiledMap2/assets/Script/PlayerMovement.ts as cce:/internal/x/cc.
debug: Resolve cc from file:///Users/abhishekrawat/tiledMap2/assets/Script/PlayerMovement.ts as cce:/internal/x/cc.
debug: Resolve cc from file:///Users/abhishekrawat/tiledMap2/assets/Script/PlayerMovement.ts as cce:/internal/x/cc.
debug: Target(preview) ends with cost 40.72979200258851ms.
debug: Dispatch build request for time accumulated 1 asset changes.
debug: Build iteration starts.
Number of accumulated asset changes: 1
Feature changed: false
debug: Target(editor) build started.
debug: Detected change: cce:/internal/x/prerequisite-imports. Last mtime: Thu Jan 01 1970 06:13:48 GMT+0530 (India Standard Time), Current mtime: Thu Jan 01 1970 06:21:21 GMT+0530 (India Standard Time)
debug: Inspect cce:/internal/x/prerequisite-imports
debug: Resolve file:///Users/abhishekrawat/tiledMap2/assets/Script/PlayerMovement.ts from cce:/internal/x/prerequisite-imports as file:///Users/abhishekrawat/tiledMap2/assets/Script/PlayerMovement.ts.
debug: Detected change: file:///Users/abhishekrawat/tiledMap2/assets/Script/PlayerMovement.ts. Last mtime: Fri Jan 20 2023 16:51:00 GMT+0530 (India Standard Time)@64b1b31a-2550-48d9-8d36-232312fb2b35, Current mtime: Fri Jan 20 2023 16:58:30 GMT+0530 (India Standard Time)@64b1b31a-2550-48d9-8d36-232312fb2b35
debug: Inspect file:///Users/abhishekrawat/tiledMap2/assets/Script/PlayerMovement.ts
debug: Resolve cc from file:///Users/abhishekrawat/tiledMap2/assets/Script/PlayerMovement.ts as cce:/internal/x/cc.
debug: Resolve cc from file:///Users/abhishekrawat/tiledMap2/assets/Script/PlayerMovement.ts as cce:/internal/x/cc.
debug: Resolve cc from file:///Users/abhishekrawat/tiledMap2/assets/Script/PlayerMovement.ts as cce:/internal/x/cc.
debug: Target(editor) ends with cost 41.446292001754045ms.
debug: Target(preview) build started.
debug: Detected change: cce:/internal/x/prerequisite-imports. Last mtime: Thu Jan 01 1970 06:13:48 GMT+0530 (India Standard Time), Current mtime: Thu Jan 01 1970 06:21:21 GMT+0530 (India Standard Time)
debug: Inspect cce:/internal/x/prerequisite-imports
debug: Resolve file:///Users/abhishekrawat/tiledMap2/assets/Script/PlayerMovement.ts from cce:/internal/x/prerequisite-imports as file:///Users/abhishekrawat/tiledMap2/assets/Script/PlayerMovement.ts.
debug: Detected change: file:///Users/abhishekrawat/tiledMap2/assets/Script/PlayerMovement.ts. Last mtime: Fri Jan 20 2023 16:51:00 GMT+0530 (India Standard Time)@64b1b31a-2550-48d9-8d36-232312fb2b35, Current mtime: Fri Jan 20 2023 16:58:30 GMT+0530 (India Standard Time)@64b1b31a-2550-48d9-8d36-232312fb2b35
debug: Inspect file:///Users/abhishekrawat/tiledMap2/assets/Script/PlayerMovement.ts
debug: Resolve cc from file:///Users/abhishekrawat/tiledMap2/assets/Script/PlayerMovement.ts as cce:/internal/x/cc.
debug: Resolve cc from file:///Users/abhishekrawat/tiledMap2/assets/Script/PlayerMovement.ts as cce:/internal/x/cc.
debug: Resolve cc from file:///Users/abhishekrawat/tiledMap2/assets/Script/PlayerMovement.ts as cce:/internal/x/cc.
debug: Target(preview) ends with cost 35.02358300238848ms.
debug: Dispatch build request for time accumulated 1 asset changes.
debug: Build iteration starts.
Number of accumulated asset changes: 1
Feature changed: false
debug: Target(editor) build started.
debug: Detected change: cce:/internal/x/prerequisite-imports. Last mtime: Thu Jan 01 1970 06:21:21 GMT+0530 (India Standard Time), Current mtime: Thu Jan 01 1970 06:22:08 GMT+0530 (India Standard Time)
debug: Inspect cce:/internal/x/prerequisite-imports
debug: Resolve file:///Users/abhishekrawat/tiledMap2/assets/Script/PlayerMovement.ts from cce:/internal/x/prerequisite-imports as file:///Users/abhishekrawat/tiledMap2/assets/Script/PlayerMovement.ts.
debug: Detected change: file:///Users/abhishekrawat/tiledMap2/assets/Script/PlayerMovement.ts. Last mtime: Fri Jan 20 2023 16:58:30 GMT+0530 (India Standard Time)@64b1b31a-2550-48d9-8d36-232312fb2b35, Current mtime: Fri Jan 20 2023 16:59:18 GMT+0530 (India Standard Time)@64b1b31a-2550-48d9-8d36-232312fb2b35
debug: Inspect file:///Users/abhishekrawat/tiledMap2/assets/Script/PlayerMovement.ts
debug: Resolve cc from file:///Users/abhishekrawat/tiledMap2/assets/Script/PlayerMovement.ts as cce:/internal/x/cc.
debug: Resolve cc from file:///Users/abhishekrawat/tiledMap2/assets/Script/PlayerMovement.ts as cce:/internal/x/cc.
debug: Resolve cc from file:///Users/abhishekrawat/tiledMap2/assets/Script/PlayerMovement.ts as cce:/internal/x/cc.
debug: Target(editor) ends with cost 36.98958300054073ms.
debug: Target(preview) build started.
debug: Detected change: cce:/internal/x/prerequisite-imports. Last mtime: Thu Jan 01 1970 06:21:21 GMT+0530 (India Standard Time), Current mtime: Thu Jan 01 1970 06:22:08 GMT+0530 (India Standard Time)
debug: Inspect cce:/internal/x/prerequisite-imports
debug: Resolve file:///Users/abhishekrawat/tiledMap2/assets/Script/PlayerMovement.ts from cce:/internal/x/prerequisite-imports as file:///Users/abhishekrawat/tiledMap2/assets/Script/PlayerMovement.ts.
debug: Detected change: file:///Users/abhishekrawat/tiledMap2/assets/Script/PlayerMovement.ts. Last mtime: Fri Jan 20 2023 16:58:30 GMT+0530 (India Standard Time)@64b1b31a-2550-48d9-8d36-232312fb2b35, Current mtime: Fri Jan 20 2023 16:59:18 GMT+0530 (India Standard Time)@64b1b31a-2550-48d9-8d36-232312fb2b35
debug: Inspect file:///Users/abhishekrawat/tiledMap2/assets/Script/PlayerMovement.ts
debug: Resolve cc from file:///Users/abhishekrawat/tiledMap2/assets/Script/PlayerMovement.ts as cce:/internal/x/cc.
debug: Resolve cc from file:///Users/abhishekrawat/tiledMap2/assets/Script/PlayerMovement.ts as cce:/internal/x/cc.
debug: Resolve cc from file:///Users/abhishekrawat/tiledMap2/assets/Script/PlayerMovement.ts as cce:/internal/x/cc.
debug: Target(preview) ends with cost 33.2560419999063ms.
debug: Dispatch build request for time accumulated 1 asset changes.
debug: Build iteration starts.
Number of accumulated asset changes: 1
Feature changed: false
debug: Target(editor) build started.
debug: Detected change: cce:/internal/x/prerequisite-imports. Last mtime: Thu Jan 01 1970 06:22:08 GMT+0530 (India Standard Time), Current mtime: Thu Jan 01 1970 06:45:13 GMT+0530 (India Standard Time)
debug: Inspect cce:/internal/x/prerequisite-imports
debug: Resolve file:///Users/abhishekrawat/tiledMap2/assets/Script/PlayerMovement.ts from cce:/internal/x/prerequisite-imports as file:///Users/abhishekrawat/tiledMap2/assets/Script/PlayerMovement.ts.
debug: Detected change: file:///Users/abhishekrawat/tiledMap2/assets/Script/PlayerMovement.ts. Last mtime: Fri Jan 20 2023 16:59:18 GMT+0530 (India Standard Time)@64b1b31a-2550-48d9-8d36-232312fb2b35, Current mtime: Fri Jan 20 2023 17:22:18 GMT+0530 (India Standard Time)@64b1b31a-2550-48d9-8d36-232312fb2b35
debug: Inspect file:///Users/abhishekrawat/tiledMap2/assets/Script/PlayerMovement.ts
debug: Resolve cc from file:///Users/abhishekrawat/tiledMap2/assets/Script/PlayerMovement.ts as cce:/internal/x/cc.
debug: Resolve cc from file:///Users/abhishekrawat/tiledMap2/assets/Script/PlayerMovement.ts as cce:/internal/x/cc.
debug: Resolve cc from file:///Users/abhishekrawat/tiledMap2/assets/Script/PlayerMovement.ts as cce:/internal/x/cc.
debug: Target(editor) ends with cost 42.38937500119209ms.
debug: Target(preview) build started.
debug: Detected change: cce:/internal/x/prerequisite-imports. Last mtime: Thu Jan 01 1970 06:22:08 GMT+0530 (India Standard Time), Current mtime: Thu Jan 01 1970 06:45:13 GMT+0530 (India Standard Time)
debug: Inspect cce:/internal/x/prerequisite-imports
debug: Resolve file:///Users/abhishekrawat/tiledMap2/assets/Script/PlayerMovement.ts from cce:/internal/x/prerequisite-imports as file:///Users/abhishekrawat/tiledMap2/assets/Script/PlayerMovement.ts.
debug: Detected change: file:///Users/abhishekrawat/tiledMap2/assets/Script/PlayerMovement.ts. Last mtime: Fri Jan 20 2023 16:59:18 GMT+0530 (India Standard Time)@64b1b31a-2550-48d9-8d36-232312fb2b35, Current mtime: Fri Jan 20 2023 17:22:18 GMT+0530 (India Standard Time)@64b1b31a-2550-48d9-8d36-232312fb2b35
debug: Inspect file:///Users/abhishekrawat/tiledMap2/assets/Script/PlayerMovement.ts
debug: Resolve cc from file:///Users/abhishekrawat/tiledMap2/assets/Script/PlayerMovement.ts as cce:/internal/x/cc.
debug: Resolve cc from file:///Users/abhishekrawat/tiledMap2/assets/Script/PlayerMovement.ts as cce:/internal/x/cc.
debug: Resolve cc from file:///Users/abhishekrawat/tiledMap2/assets/Script/PlayerMovement.ts as cce:/internal/x/cc.
debug: Target(preview) ends with cost 37.93849999830127ms.
debug: Dispatch build request for time accumulated 1 asset changes.
debug: Build iteration starts.
Number of accumulated asset changes: 1
Feature changed: false
debug: Target(editor) build started.
debug: Detected change: cce:/internal/x/prerequisite-imports. Last mtime: Thu Jan 01 1970 06:45:13 GMT+0530 (India Standard Time), Current mtime: Thu Jan 01 1970 06:48:48 GMT+0530 (India Standard Time)
debug: Inspect cce:/internal/x/prerequisite-imports
debug: Resolve file:///Users/abhishekrawat/tiledMap2/assets/Script/PlayerMovement.ts from cce:/internal/x/prerequisite-imports as file:///Users/abhishekrawat/tiledMap2/assets/Script/PlayerMovement.ts.
debug: Detected change: file:///Users/abhishekrawat/tiledMap2/assets/Script/PlayerMovement.ts. Last mtime: Fri Jan 20 2023 17:22:18 GMT+0530 (India Standard Time)@64b1b31a-2550-48d9-8d36-232312fb2b35, Current mtime: Fri Jan 20 2023 17:25:58 GMT+0530 (India Standard Time)@64b1b31a-2550-48d9-8d36-232312fb2b35
debug: Inspect file:///Users/abhishekrawat/tiledMap2/assets/Script/PlayerMovement.ts
debug: Resolve cc from file:///Users/abhishekrawat/tiledMap2/assets/Script/PlayerMovement.ts as cce:/internal/x/cc.
debug: Resolve cc from file:///Users/abhishekrawat/tiledMap2/assets/Script/PlayerMovement.ts as cce:/internal/x/cc.
debug: Resolve cc from file:///Users/abhishekrawat/tiledMap2/assets/Script/PlayerMovement.ts as cce:/internal/x/cc.
debug: Target(editor) ends with cost 40.60070899873972ms.
debug: Target(preview) build started.
debug: Detected change: cce:/internal/x/prerequisite-imports. Last mtime: Thu Jan 01 1970 06:45:13 GMT+0530 (India Standard Time), Current mtime: Thu Jan 01 1970 06:48:48 GMT+0530 (India Standard Time)
debug: Inspect cce:/internal/x/prerequisite-imports
debug: Resolve file:///Users/abhishekrawat/tiledMap2/assets/Script/PlayerMovement.ts from cce:/internal/x/prerequisite-imports as file:///Users/abhishekrawat/tiledMap2/assets/Script/PlayerMovement.ts.
debug: Detected change: file:///Users/abhishekrawat/tiledMap2/assets/Script/PlayerMovement.ts. Last mtime: Fri Jan 20 2023 17:22:18 GMT+0530 (India Standard Time)@64b1b31a-2550-48d9-8d36-232312fb2b35, Current mtime: Fri Jan 20 2023 17:25:58 GMT+0530 (India Standard Time)@64b1b31a-2550-48d9-8d36-232312fb2b35
debug: Inspect file:///Users/abhishekrawat/tiledMap2/assets/Script/PlayerMovement.ts
debug: Resolve cc from file:///Users/abhishekrawat/tiledMap2/assets/Script/PlayerMovement.ts as cce:/internal/x/cc.
debug: Resolve cc from file:///Users/abhishekrawat/tiledMap2/assets/Script/PlayerMovement.ts as cce:/internal/x/cc.
debug: Resolve cc from file:///Users/abhishekrawat/tiledMap2/assets/Script/PlayerMovement.ts as cce:/internal/x/cc.
debug: Target(preview) ends with cost 60.072999998927116ms.
debug: Dispatch build request for time accumulated 1 asset changes.
debug: Build iteration starts.
Number of accumulated asset changes: 1
Feature changed: false
debug: Target(editor) build started.
debug: Detected change: cce:/internal/x/prerequisite-imports. Last mtime: Thu Jan 01 1970 06:48:48 GMT+0530 (India Standard Time), Current mtime: Thu Jan 01 1970 06:58:51 GMT+0530 (India Standard Time)
debug: Inspect cce:/internal/x/prerequisite-imports
debug: Resolve file:///Users/abhishekrawat/tiledMap2/assets/Script/PlayerMovement.ts from cce:/internal/x/prerequisite-imports as file:///Users/abhishekrawat/tiledMap2/assets/Script/PlayerMovement.ts.
debug: Detected change: file:///Users/abhishekrawat/tiledMap2/assets/Script/PlayerMovement.ts. Last mtime: Fri Jan 20 2023 17:25:58 GMT+0530 (India Standard Time)@64b1b31a-2550-48d9-8d36-232312fb2b35, Current mtime: Fri Jan 20 2023 17:36:02 GMT+0530 (India Standard Time)@64b1b31a-2550-48d9-8d36-232312fb2b35
debug: Inspect file:///Users/abhishekrawat/tiledMap2/assets/Script/PlayerMovement.ts
debug: Resolve cc from file:///Users/abhishekrawat/tiledMap2/assets/Script/PlayerMovement.ts as cce:/internal/x/cc.
debug: Resolve cc from file:///Users/abhishekrawat/tiledMap2/assets/Script/PlayerMovement.ts as cce:/internal/x/cc.
debug: Resolve cc from file:///Users/abhishekrawat/tiledMap2/assets/Script/PlayerMovement.ts as cce:/internal/x/cc.
debug: Target(editor) ends with cost 50.39920900017023ms.
debug: Target(preview) build started.
debug: Detected change: cce:/internal/x/prerequisite-imports. Last mtime: Thu Jan 01 1970 06:48:48 GMT+0530 (India Standard Time), Current mtime: Thu Jan 01 1970 06:58:51 GMT+0530 (India Standard Time)
debug: Inspect cce:/internal/x/prerequisite-imports
debug: Resolve file:///Users/abhishekrawat/tiledMap2/assets/Script/PlayerMovement.ts from cce:/internal/x/prerequisite-imports as file:///Users/abhishekrawat/tiledMap2/assets/Script/PlayerMovement.ts.
debug: Detected change: file:///Users/abhishekrawat/tiledMap2/assets/Script/PlayerMovement.ts. Last mtime: Fri Jan 20 2023 17:25:58 GMT+0530 (India Standard Time)@64b1b31a-2550-48d9-8d36-232312fb2b35, Current mtime: Fri Jan 20 2023 17:36:02 GMT+0530 (India Standard Time)@64b1b31a-2550-48d9-8d36-232312fb2b35
debug: Inspect file:///Users/abhishekrawat/tiledMap2/assets/Script/PlayerMovement.ts
debug: Resolve cc from file:///Users/abhishekrawat/tiledMap2/assets/Script/PlayerMovement.ts as cce:/internal/x/cc.
debug: Resolve cc from file:///Users/abhishekrawat/tiledMap2/assets/Script/PlayerMovement.ts as cce:/internal/x/cc.
debug: Resolve cc from file:///Users/abhishekrawat/tiledMap2/assets/Script/PlayerMovement.ts as cce:/internal/x/cc.
debug: Target(preview) ends with cost 34.401291999965906ms.
debug: Dispatch build request for time accumulated 1 asset changes.
debug: Build iteration starts.
Number of accumulated asset changes: 1
Feature changed: false
debug: Target(editor) build started.
debug: Detected change: cce:/internal/x/prerequisite-imports. Last mtime: Thu Jan 01 1970 06:58:51 GMT+0530 (India Standard Time), Current mtime: Thu Jan 01 1970 07:00:18 GMT+0530 (India Standard Time)
debug: Inspect cce:/internal/x/prerequisite-imports
debug: Resolve file:///Users/abhishekrawat/tiledMap2/assets/Script/PlayerMovement.ts from cce:/internal/x/prerequisite-imports as file:///Users/abhishekrawat/tiledMap2/assets/Script/PlayerMovement.ts.
debug: Detected change: file:///Users/abhishekrawat/tiledMap2/assets/Script/PlayerMovement.ts. Last mtime: Fri Jan 20 2023 17:36:02 GMT+0530 (India Standard Time)@64b1b31a-2550-48d9-8d36-232312fb2b35, Current mtime: Fri Jan 20 2023 17:37:28 GMT+0530 (India Standard Time)@64b1b31a-2550-48d9-8d36-232312fb2b35
debug: Inspect file:///Users/abhishekrawat/tiledMap2/assets/Script/PlayerMovement.ts
debug: Resolve cc from file:///Users/abhishekrawat/tiledMap2/assets/Script/PlayerMovement.ts as cce:/internal/x/cc.
debug: Resolve cc from file:///Users/abhishekrawat/tiledMap2/assets/Script/PlayerMovement.ts as cce:/internal/x/cc.
debug: Resolve cc from file:///Users/abhishekrawat/tiledMap2/assets/Script/PlayerMovement.ts as cce:/internal/x/cc.
debug: Target(editor) ends with cost 38.94216699898243ms.
debug: Target(preview) build started.
debug: Detected change: cce:/internal/x/prerequisite-imports. Last mtime: Thu Jan 01 1970 06:58:51 GMT+0530 (India Standard Time), Current mtime: Thu Jan 01 1970 07:00:18 GMT+0530 (India Standard Time)
debug: Inspect cce:/internal/x/prerequisite-imports
debug: Resolve file:///Users/abhishekrawat/tiledMap2/assets/Script/PlayerMovement.ts from cce:/internal/x/prerequisite-imports as file:///Users/abhishekrawat/tiledMap2/assets/Script/PlayerMovement.ts.
debug: Detected change: file:///Users/abhishekrawat/tiledMap2/assets/Script/PlayerMovement.ts. Last mtime: Fri Jan 20 2023 17:36:02 GMT+0530 (India Standard Time)@64b1b31a-2550-48d9-8d36-232312fb2b35, Current mtime: Fri Jan 20 2023 17:37:28 GMT+0530 (India Standard Time)@64b1b31a-2550-48d9-8d36-232312fb2b35
debug: Inspect file:///Users/abhishekrawat/tiledMap2/assets/Script/PlayerMovement.ts
debug: Resolve cc from file:///Users/abhishekrawat/tiledMap2/assets/Script/PlayerMovement.ts as cce:/internal/x/cc.
debug: Resolve cc from file:///Users/abhishekrawat/tiledMap2/assets/Script/PlayerMovement.ts as cce:/internal/x/cc.
debug: Resolve cc from file:///Users/abhishekrawat/tiledMap2/assets/Script/PlayerMovement.ts as cce:/internal/x/cc.
debug: Target(preview) ends with cost 35.16270900145173ms.
debug: Dispatch build request for time accumulated 1 asset changes.
debug: Build iteration starts.
Number of accumulated asset changes: 1
Feature changed: false
debug: Target(editor) build started.
debug: Detected change: cce:/internal/x/prerequisite-imports. Last mtime: Thu Jan 01 1970 07:00:18 GMT+0530 (India Standard Time), Current mtime: Thu Jan 01 1970 07:07:13 GMT+0530 (India Standard Time)
debug: Inspect cce:/internal/x/prerequisite-imports
debug: Resolve file:///Users/abhishekrawat/tiledMap2/assets/Script/PlayerMovement.ts from cce:/internal/x/prerequisite-imports as file:///Users/abhishekrawat/tiledMap2/assets/Script/PlayerMovement.ts.
debug: Detected change: file:///Users/abhishekrawat/tiledMap2/assets/Script/PlayerMovement.ts. Last mtime: Fri Jan 20 2023 17:37:28 GMT+0530 (India Standard Time)@64b1b31a-2550-48d9-8d36-232312fb2b35, Current mtime: Fri Jan 20 2023 17:44:23 GMT+0530 (India Standard Time)@64b1b31a-2550-48d9-8d36-232312fb2b35
debug: Inspect file:///Users/abhishekrawat/tiledMap2/assets/Script/PlayerMovement.ts
debug: Resolve cc from file:///Users/abhishekrawat/tiledMap2/assets/Script/PlayerMovement.ts as cce:/internal/x/cc.
debug: Resolve cc from file:///Users/abhishekrawat/tiledMap2/assets/Script/PlayerMovement.ts as cce:/internal/x/cc.
debug: Resolve cc from file:///Users/abhishekrawat/tiledMap2/assets/Script/PlayerMovement.ts as cce:/internal/x/cc.
debug: Target(editor) ends with cost 38.094041001051664ms.
debug: Target(preview) build started.
debug: Detected change: cce:/internal/x/prerequisite-imports. Last mtime: Thu Jan 01 1970 07:00:18 GMT+0530 (India Standard Time), Current mtime: Thu Jan 01 1970 07:07:13 GMT+0530 (India Standard Time)
debug: Inspect cce:/internal/x/prerequisite-imports
debug: Resolve file:///Users/abhishekrawat/tiledMap2/assets/Script/PlayerMovement.ts from cce:/internal/x/prerequisite-imports as file:///Users/abhishekrawat/tiledMap2/assets/Script/PlayerMovement.ts.
debug: Detected change: file:///Users/abhishekrawat/tiledMap2/assets/Script/PlayerMovement.ts. Last mtime: Fri Jan 20 2023 17:37:28 GMT+0530 (India Standard Time)@64b1b31a-2550-48d9-8d36-232312fb2b35, Current mtime: Fri Jan 20 2023 17:44:23 GMT+0530 (India Standard Time)@64b1b31a-2550-48d9-8d36-232312fb2b35
debug: Inspect file:///Users/abhishekrawat/tiledMap2/assets/Script/PlayerMovement.ts
debug: Resolve cc from file:///Users/abhishekrawat/tiledMap2/assets/Script/PlayerMovement.ts as cce:/internal/x/cc.
debug: Resolve cc from file:///Users/abhishekrawat/tiledMap2/assets/Script/PlayerMovement.ts as cce:/internal/x/cc.
debug: Resolve cc from file:///Users/abhishekrawat/tiledMap2/assets/Script/PlayerMovement.ts as cce:/internal/x/cc.
debug: Target(preview) ends with cost 40.91354100033641ms.
debug: Dispatch build request for time accumulated 1 asset changes.
debug: Build iteration starts.
Number of accumulated asset changes: 1
Feature changed: false
debug: Target(editor) build started.
debug: Detected change: cce:/internal/x/prerequisite-imports. Last mtime: Thu Jan 01 1970 07:07:13 GMT+0530 (India Standard Time), Current mtime: Thu Jan 01 1970 07:11:10 GMT+0530 (India Standard Time)
debug: Inspect cce:/internal/x/prerequisite-imports
debug: Resolve file:///Users/abhishekrawat/tiledMap2/assets/Script/PlayerMovement.ts from cce:/internal/x/prerequisite-imports as file:///Users/abhishekrawat/tiledMap2/assets/Script/PlayerMovement.ts.
debug: Detected change: file:///Users/abhishekrawat/tiledMap2/assets/Script/PlayerMovement.ts. Last mtime: Fri Jan 20 2023 17:44:23 GMT+0530 (India Standard Time)@64b1b31a-2550-48d9-8d36-232312fb2b35, Current mtime: Fri Jan 20 2023 17:48:21 GMT+0530 (India Standard Time)@64b1b31a-2550-48d9-8d36-232312fb2b35
debug: Inspect file:///Users/abhishekrawat/tiledMap2/assets/Script/PlayerMovement.ts
debug: Resolve cc from file:///Users/abhishekrawat/tiledMap2/assets/Script/PlayerMovement.ts as cce:/internal/x/cc.
debug: Resolve cc from file:///Users/abhishekrawat/tiledMap2/assets/Script/PlayerMovement.ts as cce:/internal/x/cc.
debug: Resolve cc from file:///Users/abhishekrawat/tiledMap2/assets/Script/PlayerMovement.ts as cce:/internal/x/cc.
debug: Target(editor) ends with cost 39.83633300289512ms.
debug: Target(preview) build started.
debug: Detected change: cce:/internal/x/prerequisite-imports. Last mtime: Thu Jan 01 1970 07:07:13 GMT+0530 (India Standard Time), Current mtime: Thu Jan 01 1970 07:11:10 GMT+0530 (India Standard Time)
debug: Inspect cce:/internal/x/prerequisite-imports
debug: Resolve file:///Users/abhishekrawat/tiledMap2/assets/Script/PlayerMovement.ts from cce:/internal/x/prerequisite-imports as file:///Users/abhishekrawat/tiledMap2/assets/Script/PlayerMovement.ts.
debug: Detected change: file:///Users/abhishekrawat/tiledMap2/assets/Script/PlayerMovement.ts. Last mtime: Fri Jan 20 2023 17:44:23 GMT+0530 (India Standard Time)@64b1b31a-2550-48d9-8d36-232312fb2b35, Current mtime: Fri Jan 20 2023 17:48:21 GMT+0530 (India Standard Time)@64b1b31a-2550-48d9-8d36-232312fb2b35
debug: Inspect file:///Users/abhishekrawat/tiledMap2/assets/Script/PlayerMovement.ts
debug: Resolve cc from file:///Users/abhishekrawat/tiledMap2/assets/Script/PlayerMovement.ts as cce:/internal/x/cc.
debug: Resolve cc from file:///Users/abhishekrawat/tiledMap2/assets/Script/PlayerMovement.ts as cce:/internal/x/cc.
debug: Resolve cc from file:///Users/abhishekrawat/tiledMap2/assets/Script/PlayerMovement.ts as cce:/internal/x/cc.
debug: Target(preview) ends with cost 40.80029100179672ms.
debug: Dispatch build request for time accumulated 1 asset changes.
debug: Build iteration starts.
Number of accumulated asset changes: 1
Feature changed: false
debug: Target(editor) build started.
debug: Detected change: cce:/internal/x/prerequisite-imports. Last mtime: Thu Jan 01 1970 07:11:10 GMT+0530 (India Standard Time), Current mtime: Thu Jan 01 1970 07:39:08 GMT+0530 (India Standard Time)
debug: Inspect cce:/internal/x/prerequisite-imports
debug: Resolve file:///Users/abhishekrawat/tiledMap2/assets/Script/PlayerMovement.ts from cce:/internal/x/prerequisite-imports as file:///Users/abhishekrawat/tiledMap2/assets/Script/PlayerMovement.ts.
debug: Detected change: file:///Users/abhishekrawat/tiledMap2/assets/Script/PlayerMovement.ts. Last mtime: Fri Jan 20 2023 17:48:21 GMT+0530 (India Standard Time)@64b1b31a-2550-48d9-8d36-232312fb2b35, Current mtime: Fri Jan 20 2023 18:15:57 GMT+0530 (India Standard Time)@64b1b31a-2550-48d9-8d36-232312fb2b35
debug: Inspect file:///Users/abhishekrawat/tiledMap2/assets/Script/PlayerMovement.ts
debug: Resolve cc from file:///Users/abhishekrawat/tiledMap2/assets/Script/PlayerMovement.ts as cce:/internal/x/cc.
debug: Resolve cc from file:///Users/abhishekrawat/tiledMap2/assets/Script/PlayerMovement.ts as cce:/internal/x/cc.
debug: Resolve cc from file:///Users/abhishekrawat/tiledMap2/assets/Script/PlayerMovement.ts as cce:/internal/x/cc.
debug: Target(editor) ends with cost 59.90300000086427ms.
debug: Target(preview) build started.
debug: Detected change: cce:/internal/x/prerequisite-imports. Last mtime: Thu Jan 01 1970 07:11:10 GMT+0530 (India Standard Time), Current mtime: Thu Jan 01 1970 07:39:08 GMT+0530 (India Standard Time)
debug: Inspect cce:/internal/x/prerequisite-imports
debug: Resolve file:///Users/abhishekrawat/tiledMap2/assets/Script/PlayerMovement.ts from cce:/internal/x/prerequisite-imports as file:///Users/abhishekrawat/tiledMap2/assets/Script/PlayerMovement.ts.
debug: Detected change: file:///Users/abhishekrawat/tiledMap2/assets/Script/PlayerMovement.ts. Last mtime: Fri Jan 20 2023 17:48:21 GMT+0530 (India Standard Time)@64b1b31a-2550-48d9-8d36-232312fb2b35, Current mtime: Fri Jan 20 2023 18:15:57 GMT+0530 (India Standard Time)@64b1b31a-2550-48d9-8d36-232312fb2b35
debug: Inspect file:///Users/abhishekrawat/tiledMap2/assets/Script/PlayerMovement.ts
debug: Resolve cc from file:///Users/abhishekrawat/tiledMap2/assets/Script/PlayerMovement.ts as cce:/internal/x/cc.
debug: Resolve cc from file:///Users/abhishekrawat/tiledMap2/assets/Script/PlayerMovement.ts as cce:/internal/x/cc.
debug: Resolve cc from file:///Users/abhishekrawat/tiledMap2/assets/Script/PlayerMovement.ts as cce:/internal/x/cc.
debug: Target(preview) ends with cost 66.13312499970198ms.
debug: Dispatch build request for time accumulated 1 asset changes.
debug: Build iteration starts.
Number of accumulated asset changes: 1
Feature changed: false
debug: Target(editor) build started.
debug: Detected change: cce:/internal/x/prerequisite-imports. Last mtime: Thu Jan 01 1970 07:39:08 GMT+0530 (India Standard Time), Current mtime: Thu Jan 01 1970 07:51:13 GMT+0530 (India Standard Time)
debug: Inspect cce:/internal/x/prerequisite-imports
debug: Resolve file:///Users/abhishekrawat/tiledMap2/assets/Script/PlayerMovement.ts from cce:/internal/x/prerequisite-imports as file:///Users/abhishekrawat/tiledMap2/assets/Script/PlayerMovement.ts.
debug: Detected change: file:///Users/abhishekrawat/tiledMap2/assets/Script/PlayerMovement.ts. Last mtime: Fri Jan 20 2023 18:15:57 GMT+0530 (India Standard Time)@64b1b31a-2550-48d9-8d36-232312fb2b35, Current mtime: Fri Jan 20 2023 18:28:24 GMT+0530 (India Standard Time)@64b1b31a-2550-48d9-8d36-232312fb2b35
debug: Inspect file:///Users/abhishekrawat/tiledMap2/assets/Script/PlayerMovement.ts
debug: Resolve cc from file:///Users/abhishekrawat/tiledMap2/assets/Script/PlayerMovement.ts as cce:/internal/x/cc.
debug: Resolve cc from file:///Users/abhishekrawat/tiledMap2/assets/Script/PlayerMovement.ts as cce:/internal/x/cc.
debug: Resolve cc from file:///Users/abhishekrawat/tiledMap2/assets/Script/PlayerMovement.ts as cce:/internal/x/cc.
debug: Target(editor) ends with cost 45.54433400183916ms.
debug: Target(preview) build started.
debug: Detected change: cce:/internal/x/prerequisite-imports. Last mtime: Thu Jan 01 1970 07:39:08 GMT+0530 (India Standard Time), Current mtime: Thu Jan 01 1970 07:51:13 GMT+0530 (India Standard Time)
debug: Inspect cce:/internal/x/prerequisite-imports
debug: Resolve file:///Users/abhishekrawat/tiledMap2/assets/Script/PlayerMovement.ts from cce:/internal/x/prerequisite-imports as file:///Users/abhishekrawat/tiledMap2/assets/Script/PlayerMovement.ts.
debug: Detected change: file:///Users/abhishekrawat/tiledMap2/assets/Script/PlayerMovement.ts. Last mtime: Fri Jan 20 2023 18:15:57 GMT+0530 (India Standard Time)@64b1b31a-2550-48d9-8d36-232312fb2b35, Current mtime: Fri Jan 20 2023 18:28:24 GMT+0530 (India Standard Time)@64b1b31a-2550-48d9-8d36-232312fb2b35
debug: Inspect file:///Users/abhishekrawat/tiledMap2/assets/Script/PlayerMovement.ts
debug: Resolve cc from file:///Users/abhishekrawat/tiledMap2/assets/Script/PlayerMovement.ts as cce:/internal/x/cc.
debug: Resolve cc from file:///Users/abhishekrawat/tiledMap2/assets/Script/PlayerMovement.ts as cce:/internal/x/cc.
debug: Resolve cc from file:///Users/abhishekrawat/tiledMap2/assets/Script/PlayerMovement.ts as cce:/internal/x/cc.
debug: Target(preview) ends with cost 38.19054199755192ms.
debug: Dispatch build request for time accumulated 1 asset changes.
debug: Build iteration starts.
Number of accumulated asset changes: 1
Feature changed: false
debug: Target(editor) build started.
debug: Detected change: cce:/internal/x/prerequisite-imports. Last mtime: Thu Jan 01 1970 07:51:13 GMT+0530 (India Standard Time), Current mtime: Thu Jan 01 1970 08:17:00 GMT+0530 (India Standard Time)
debug: Inspect cce:/internal/x/prerequisite-imports
debug: Resolve file:///Users/abhishekrawat/tiledMap2/assets/Script/PlayerMovement.ts from cce:/internal/x/prerequisite-imports as file:///Users/abhishekrawat/tiledMap2/assets/Script/PlayerMovement.ts.
debug: Detected change: file:///Users/abhishekrawat/tiledMap2/assets/Script/PlayerMovement.ts. Last mtime: Fri Jan 20 2023 18:28:24 GMT+0530 (India Standard Time)@64b1b31a-2550-48d9-8d36-232312fb2b35, Current mtime: Fri Jan 20 2023 18:54:12 GMT+0530 (India Standard Time)@64b1b31a-2550-48d9-8d36-232312fb2b35
debug: Inspect file:///Users/abhishekrawat/tiledMap2/assets/Script/PlayerMovement.ts
debug: Resolve cc from file:///Users/abhishekrawat/tiledMap2/assets/Script/PlayerMovement.ts as cce:/internal/x/cc.
debug: Resolve cc from file:///Users/abhishekrawat/tiledMap2/assets/Script/PlayerMovement.ts as cce:/internal/x/cc.
debug: Resolve cc from file:///Users/abhishekrawat/tiledMap2/assets/Script/PlayerMovement.ts as cce:/internal/x/cc.
debug: Target(editor) ends with cost 41.83358299732208ms.
debug: Target(preview) build started.
debug: Detected change: cce:/internal/x/prerequisite-imports. Last mtime: Thu Jan 01 1970 07:51:13 GMT+0530 (India Standard Time), Current mtime: Thu Jan 01 1970 08:17:00 GMT+0530 (India Standard Time)
debug: Inspect cce:/internal/x/prerequisite-imports
debug: Resolve file:///Users/abhishekrawat/tiledMap2/assets/Script/PlayerMovement.ts from cce:/internal/x/prerequisite-imports as file:///Users/abhishekrawat/tiledMap2/assets/Script/PlayerMovement.ts.
debug: Detected change: file:///Users/abhishekrawat/tiledMap2/assets/Script/PlayerMovement.ts. Last mtime: Fri Jan 20 2023 18:28:24 GMT+0530 (India Standard Time)@64b1b31a-2550-48d9-8d36-232312fb2b35, Current mtime: Fri Jan 20 2023 18:54:12 GMT+0530 (India Standard Time)@64b1b31a-2550-48d9-8d36-232312fb2b35
debug: Inspect file:///Users/abhishekrawat/tiledMap2/assets/Script/PlayerMovement.ts
debug: Resolve cc from file:///Users/abhishekrawat/tiledMap2/assets/Script/PlayerMovement.ts as cce:/internal/x/cc.
debug: Resolve cc from file:///Users/abhishekrawat/tiledMap2/assets/Script/PlayerMovement.ts as cce:/internal/x/cc.
debug: Resolve cc from file:///Users/abhishekrawat/tiledMap2/assets/Script/PlayerMovement.ts as cce:/internal/x/cc.
debug: Target(preview) ends with cost 36.40445800125599ms.
debug: Dispatch build request for time accumulated 1 asset changes.
debug: Build iteration starts.
Number of accumulated asset changes: 1
Feature changed: false
debug: Target(editor) build started.
debug: Detected change: cce:/internal/x/prerequisite-imports. Last mtime: Thu Jan 01 1970 08:17:00 GMT+0530 (India Standard Time), Current mtime: Thu Jan 01 1970 08:22:54 GMT+0530 (India Standard Time)
debug: Inspect cce:/internal/x/prerequisite-imports
debug: Resolve file:///Users/abhishekrawat/tiledMap2/assets/Script/PlayerMovement.ts from cce:/internal/x/prerequisite-imports as file:///Users/abhishekrawat/tiledMap2/assets/Script/PlayerMovement.ts.
debug: Detected change: file:///Users/abhishekrawat/tiledMap2/assets/Script/PlayerMovement.ts. Last mtime: Fri Jan 20 2023 18:54:12 GMT+0530 (India Standard Time)@64b1b31a-2550-48d9-8d36-232312fb2b35, Current mtime: Fri Jan 20 2023 18:55:47 GMT+0530 (India Standard Time)@64b1b31a-2550-48d9-8d36-232312fb2b35
debug: Inspect file:///Users/abhishekrawat/tiledMap2/assets/Script/PlayerMovement.ts
debug: Resolve cc from file:///Users/abhishekrawat/tiledMap2/assets/Script/PlayerMovement.ts as cce:/internal/x/cc.
debug: Resolve cc from file:///Users/abhishekrawat/tiledMap2/assets/Script/PlayerMovement.ts as cce:/internal/x/cc.
debug: Resolve cc from file:///Users/abhishekrawat/tiledMap2/assets/Script/PlayerMovement.ts as cce:/internal/x/cc.
debug: Target(editor) ends with cost 38.68316699936986ms.
debug: Target(preview) build started.
debug: Detected change: cce:/internal/x/prerequisite-imports. Last mtime: Thu Jan 01 1970 08:17:00 GMT+0530 (India Standard Time), Current mtime: Thu Jan 01 1970 08:22:54 GMT+0530 (India Standard Time)
debug: Inspect cce:/internal/x/prerequisite-imports
debug: Resolve file:///Users/abhishekrawat/tiledMap2/assets/Script/PlayerMovement.ts from cce:/internal/x/prerequisite-imports as file:///Users/abhishekrawat/tiledMap2/assets/Script/PlayerMovement.ts.
debug: Detected change: file:///Users/abhishekrawat/tiledMap2/assets/Script/PlayerMovement.ts. Last mtime: Fri Jan 20 2023 18:54:12 GMT+0530 (India Standard Time)@64b1b31a-2550-48d9-8d36-232312fb2b35, Current mtime: Fri Jan 20 2023 18:55:47 GMT+0530 (India Standard Time)@64b1b31a-2550-48d9-8d36-232312fb2b35
debug: Inspect file:///Users/abhishekrawat/tiledMap2/assets/Script/PlayerMovement.ts
debug: Resolve cc from file:///Users/abhishekrawat/tiledMap2/assets/Script/PlayerMovement.ts as cce:/internal/x/cc.
debug: Resolve cc from file:///Users/abhishekrawat/tiledMap2/assets/Script/PlayerMovement.ts as cce:/internal/x/cc.
debug: Resolve cc from file:///Users/abhishekrawat/tiledMap2/assets/Script/PlayerMovement.ts as cce:/internal/x/cc.
debug: Target(preview) ends with cost 34.10399999842048ms.
